108.07.17 09:41 B f:\internet\websites\Jenkins Beach\site\images\boxtop-snackbar.jpg --> jenkinsbeach.com /www/images boxtop-snackbar.jpg
108.07.17 09:41 B f:\internet\websites\Jenkins Beach\site\images\boxtop-onwater.jpg --> jenkinsbeach.com /www/images boxtop-onwater.jpg
108.07.17 11:26 B f:\internet\websites\Jenkins Beach\site\images\WS_FTP.LOG --> jenkinsbeach.com /www/new/images WS_FTP.LOG
108.07.17 11:26 B f:\internet\websites\Jenkins Beach\site\images\boxtop-snackbar.jpg --> jenkinsbeach.com /www/new/images boxtop-snackbar.jpg
108.07.17 11:26 B f:\internet\websites\Jenkins Beach\site\images\boxtop-onwater.jpg --> jenkinsbeach.com /www/new/images boxtop-onwater.jpg
108.07.17 11:26 B f:\internet\websites\Jenkins Beach\site\images\Thumbs.db --> jenkinsbeach.com /www/new/images Thumbs.db
108.07.17 11:26 B f:\internet\websites\Jenkins Beach\site\images\layo.jpg --> jenkinsbeach.com /www/new/images layo.jpg
108.07.17 11:26 B f:\internet\websites\Jenkins Beach\site\images\footer.jpg --> jenkinsbeach.com /www/new/images footer.jpg
108.07.17 11:26 B f:\internet\websites\Jenkins Beach\site\images\footer-on.jpg --> jenkinsbeach.com /www/new/images footer-on.jpg
108.07.17 11:26 B f:\internet\websites\Jenkins Beach\site\images\beach-ball_background.jpg --> jenkinsbeach.com /www/new/images beach-ball_background.jpg
108.07.17 11:26 B f:\internet\websites\Jenkins Beach\site\images\boxtop-history.jpg --> jenkinsbeach.com /www/new/images boxtop-history.jpg
108.07.17 11:26 B f:\internet\websites\Jenkins Beach\site\images\head-beach.jpg --> jenkinsbeach.com /www/new/images head-beach.jpg
108.07.17 11:26 B f:\internet\websites\Jenkins Beach\site\images\pagetitle-map.gif --> jenkinsbeach.com /www/new/images pagetitle-map.gif
108.07.17 11:26 B f:\internet\websites\Jenkins Beach\site\images\pagetitle-fishing.gif --> jenkinsbeach.com /www/new/images pagetitle-fishing.gif
108.07.17 11:26 B f:\internet\websites\Jenkins Beach\site\images\pagetitle-snackbar.gif --> jenkinsbeach.com /www/new/images pagetitle-snackbar.gif
108.07.17 11:26 B f:\internet\websites\Jenkins Beach\site\images\pagetitle-cottages.gif --> jenkinsbeach.com /www/new/images pagetitle-cottages.gif
108.07.17 11:26 B f:\internet\websites\Jenkins Beach\site\images\pagetitle-boats.gif --> jenkinsbeach.com /www/new/images pagetitle-boats.gif
108.07.17 11:26 B f:\internet\websites\Jenkins Beach\site\images\pagetitle-beach.gif --> jenkinsbeach.com /www/new/images pagetitle-beach.gif
108.07.17 11:26 B f:\internet\websites\Jenkins Beach\site\images\pagebackground.jpg --> jenkinsbeach.com /www/new/images pagebackground.jpg
108.07.18 09:42 B f:\internet\websites\Jenkins Beach\site\images\homepic.jpg --> jenkinsbeach.com /www/images homepic.jpg
108.07.18 09:43 B f:\internet\websites\Jenkins Beach\site\images\homepic.jpg --> jenkinsbeach.com /www/new/images homepic.jpg
108.07.18 09:45 B f:\internet\websites\Jenkins Beach\site\images\homepic.jpg --> jenkinsbeach.com /www/new/images homepic.jpg
108.07.18 09:47 B f:\internet\websites\Jenkins Beach\site\images\homepic.jpg --> jenkinsbeach.com /www/new/images homepic.jpg
