108.07.17 09:41 B f:\internet\websites\Jenkins Beach\site\photos\beach.jpg --> jenkinsbeach.com /www/photos beach.jpg
108.07.17 09:41 B f:\internet\websites\Jenkins Beach\site\photos\beachbbq.jpg --> jenkinsbeach.com /www/photos beachbbq.jpg
108.07.17 09:41 B f:\internet\websites\Jenkins Beach\site\photos\boats.jpg --> jenkinsbeach.com /www/photos boats.jpg
108.07.17 09:41 B f:\internet\websites\Jenkins Beach\site\photos\buses.jpg --> jenkinsbeach.com /www/photos buses.jpg
108.07.17 09:41 B f:\internet\websites\Jenkins Beach\site\photos\canoes.jpg --> jenkinsbeach.com /www/photos canoes.jpg
108.07.17 09:41 B f:\internet\websites\Jenkins Beach\site\photos\cottagefall.jpg --> jenkinsbeach.com /www/photos cottagefall.jpg
108.07.17 09:41 B f:\internet\websites\Jenkins Beach\site\photos\fallboat.jpg --> jenkinsbeach.com /www/photos fallboat.jpg
108.07.17 09:41 B f:\internet\websites\Jenkins Beach\site\photos\familyboat.jpg --> jenkinsbeach.com /www/photos familyboat.jpg
108.07.17 09:41 B f:\internet\websites\Jenkins Beach\site\photos\greenlakeasso.jpg --> jenkinsbeach.com /www/photos greenlakeasso.jpg
108.07.17 09:41 B f:\internet\websites\Jenkins Beach\site\photos\IMG_0195.jpg --> jenkinsbeach.com /www/photos IMG_0195.jpg
108.07.17 09:41 B f:\internet\websites\Jenkins Beach\site\photos\IMG_0197.jpg --> jenkinsbeach.com /www/photos IMG_0197.jpg
108.07.17 09:41 B f:\internet\websites\Jenkins Beach\site\photos\IMG_0201.jpg --> jenkinsbeach.com /www/photos IMG_0201.jpg
108.07.17 09:41 B f:\internet\websites\Jenkins Beach\site\photos\picnic.jpg --> jenkinsbeach.com /www/photos picnic.jpg
108.07.17 09:41 B f:\internet\websites\Jenkins Beach\site\photos\snackshack.jpg --> jenkinsbeach.com /www/photos snackshack.jpg
108.07.17 09:41 B f:\internet\websites\Jenkins Beach\site\photos\swimfloat.jpg --> jenkinsbeach.com /www/photos swimfloat.jpg
108.07.17 09:41 B f:\internet\websites\Jenkins Beach\site\photos\Thumbs.db --> jenkinsbeach.com /www/photos Thumbs.db
108.07.17 11:26 B f:\internet\websites\Jenkins Beach\site\photos\oldschedule-sm.gif --> jenkinsbeach.com /www/new/photos oldschedule-sm.gif
108.07.17 11:26 B f:\internet\websites\Jenkins Beach\site\photos\Thumbs.db --> jenkinsbeach.com /www/new/photos Thumbs.db
108.07.17 11:26 B f:\internet\websites\Jenkins Beach\site\photos\train-sm.jpg --> jenkinsbeach.com /www/new/photos train-sm.jpg
108.07.17 11:26 B f:\internet\websites\Jenkins Beach\site\photos\family.jpg --> jenkinsbeach.com /www/new/photos family.jpg
108.07.17 11:26 B f:\internet\websites\Jenkins Beach\site\photos\late50s.jpg --> jenkinsbeach.com /www/new/photos late50s.jpg
108.07.17 11:26 B f:\internet\websites\Jenkins Beach\site\photos\3bed2dbl4single.jpg --> jenkinsbeach.com /www/new/photos 3bed2dbl4single.jpg
108.07.17 11:26 B f:\internet\websites\Jenkins Beach\site\photos\2bedroom.jpg --> jenkinsbeach.com /www/new/photos 2bedroom.jpg
108.07.17 11:26 B f:\internet\websites\Jenkins Beach\site\photos\starttournament.jpg --> jenkinsbeach.com /www/new/photos starttournament.jpg
108.07.17 11:26 B f:\internet\websites\Jenkins Beach\site\photos\artic-char8-10.jpg --> jenkinsbeach.com /www/new/photos artic-char8-10.jpg
108.07.17 11:26 B f:\internet\websites\Jenkins Beach\site\photos\WS_FTP.LOG --> jenkinsbeach.com /www/new/photos WS_FTP.LOG
108.07.17 11:26 B f:\internet\websites\Jenkins Beach\site\photos\buses.jpg --> jenkinsbeach.com /www/new/photos buses.jpg
108.07.17 11:26 B f:\internet\websites\Jenkins Beach\site\photos\greenlakeasso.jpg --> jenkinsbeach.com /www/new/photos greenlakeasso.jpg
108.07.17 11:26 B f:\internet\websites\Jenkins Beach\site\photos\snackshack.jpg --> jenkinsbeach.com /www/new/photos snackshack.jpg
108.07.17 11:26 B f:\internet\websites\Jenkins Beach\site\photos\fallboat.jpg --> jenkinsbeach.com /www/new/photos fallboat.jpg
108.07.17 11:26 B f:\internet\websites\Jenkins Beach\site\photos\familyboat.jpg --> jenkinsbeach.com /www/new/photos familyboat.jpg
108.07.17 11:26 B f:\internet\websites\Jenkins Beach\site\photos\cottagefall.jpg --> jenkinsbeach.com /www/new/photos cottagefall.jpg
108.07.17 11:26 B f:\internet\websites\Jenkins Beach\site\photos\canoes.jpg --> jenkinsbeach.com /www/new/photos canoes.jpg
108.07.17 11:26 B f:\internet\websites\Jenkins Beach\site\photos\boats.jpg --> jenkinsbeach.com /www/new/photos boats.jpg
108.07.17 11:26 B f:\internet\websites\Jenkins Beach\site\photos\picnic.jpg --> jenkinsbeach.com /www/new/photos picnic.jpg
108.07.17 11:26 B f:\internet\websites\Jenkins Beach\site\photos\beachbbq.jpg --> jenkinsbeach.com /www/new/photos beachbbq.jpg
108.07.17 11:26 B f:\internet\websites\Jenkins Beach\site\photos\swimfloat.jpg --> jenkinsbeach.com /www/new/photos swimfloat.jpg
108.07.17 11:26 B f:\internet\websites\Jenkins Beach\site\photos\oldschedule.gif --> jenkinsbeach.com /www/new/photos oldschedule.gif
108.07.17 11:26 B f:\internet\websites\Jenkins Beach\site\photos\IMG_0201.jpg --> jenkinsbeach.com /www/new/photos IMG_0201.jpg
108.07.17 11:26 B f:\internet\websites\Jenkins Beach\site\photos\IMG_0197.jpg --> jenkinsbeach.com /www/new/photos IMG_0197.jpg
108.07.17 11:26 B f:\internet\websites\Jenkins Beach\site\photos\IMG_0195.jpg --> jenkinsbeach.com /www/new/photos IMG_0195.jpg
108.07.17 11:26 B f:\internet\websites\Jenkins Beach\site\photos\beach.jpg --> jenkinsbeach.com /www/new/photos beach.jpg
